<?xml version="1.0" encoding="UTF-8"?>
<beans xmlns="http://www.springframework.org/schema/beans"
	   xmlns:xsi="http://www.w3.org/2001/XMLSchema-instance"
	   xsi:schemaLocation="http://www.springframework.org/schema/beans
						http://www.springframework.org/schema/beans/spring-beans-4.2.xsd">

	<!--Se indica cual es la fuente de datos de la aplicación, es decir donde está y que usuario y password -->
	<!--se va a conectar a la base de datos, es necesario modificarlo si se cambia de nmotor de base de datos-->
	<bean id="dataSource"
		  class="org.springframework.jdbc.datasource.DriverManagerDataSource">
		<property name="driverClassName" value="org.hsqldb.jdbcDriver" />
		<property name="url" value="jdbc:mysql://localhost:3306/db?serverTimezone=UTC" />
		<property name="username" value="root" />
		<property name="password" value="Colorado95" />
	</bean>

	<!--Configuracion de la factory encargada de generar las sesiones con la base de datos, la misma -->
	<!--usa el data source configurado antes-->
	<bean id="sessionFactory"
		  class="org.springframework.orm.hibernate5.LocalSessionFactoryBean">
		<property name="dataSource" ref="dataSource" />

		<property name="hibernateProperties">
			<props>
				<prop key="hibernate.validator.apply_to_ddl">false</prop>
				<prop key="hibernate.validator.autoregister_listeners">false</prop>

				<prop key="hibernate.dialect">org.hibernate.dialect.MySQL8Dialect</prop>

				<prop key="hibernate.show_sql">true</prop>
				<prop key="hibernate.format_sql">false</prop>

				<prop key="hibernate.hbm2ddl.auto">create</prop>
			</props>
		</property>

		<property name="packagesToScan">
			<list>
				<value>ar.edu.unlam.tallerweb1.modelo</value>
			</list>
		</property>
	</bean>

	<!--Se declara el transaction manager de la aplicacion asociado con la db configurada antes-->
	<bean id="transactionManager"
		  class="org.springframework.orm.hibernate5.HibernateTransactionManager">
		<property name="sessionFactory" ref="sessionFactory" />
	</bean>
</beans>