<?xml version="1.0" encoding="UTF-8"?>
<beans xsi:schemaLocation="http://www.springframework.org/schema/beans http://www.springframework.org/schema/beans/spring-beans-4.2.xsd http://www.springframework.org/schema/context http://www.springframework.org/schema/context/spring-context-4.2.xsd http://www.springframework.org/schema/mvc http://www.springframework.org/schema/mvc/spring-mvc-4.2.xsd http://www.springframework.org/schema/tx http://www.springframework.org/schema/tx/spring-tx-4.2.xsd" xmlns:tx="http://www.springframework.org/schema/tx" xmlns:mvc="http://www.springframework.org/schema/mvc" xmlns:context="http://www.springframework.org/schema/context" xmlns:xsi="http://www.w3.org/2001/XMLSchema-instance" xmlns="http://www.springframework.org/schema/beans">

	<import resource="classpath:test-hibernateContext.xml"/>

	<context:component-scan base-package="ar.edu.unlam.tallerweb1.repositorios"/>
	<context:component-scan base-package="ar.edu.unlam.tallerweb1.servicios"/>
	<context:component-scan base-package="ar.edu.unlam.tallerweb1.controladores"/>
	<tx:annotation-driven transaction-manager="transactionManager"/>

</beans>
